1587041076589:l
1587041145921:stacktrace
1587041446050:l
1587041761653:d -id 1
1587041764942:help
1587041769422:help d
1587041777758:del -1
1587041784758:l\\
1587041787645:del 1
1587041789628:l
1587041793132:del 2
1587041794132:l
1587041795973:del 3
1587041796916:l
1587041799485:del 4
1587041800356:l
1587041921761:help
1587042167356:l\\
1587042169154:g 1
1587042182178:g -id 1
1587042188754:g 1l
1587042194497:g 1
1587042288855:ะด
1587042290119:l
1587042292095:g 1
1587042295304:g 5
1587043334143:l
1587043339174:help a
1587043448134:a -t "Hrk finn" -g Drama -a "Akex kols"
1587043460139:stacktrace
1587043877411:l
1587043893836:a -t "hek" -g "Drama" -a "Aex asd"
1587043896403:l
1587044776474:lg
1587044786811:stacktrace
1587044839489:lg
1587044855611:a -t "asdas" -g "Drama" -a "asdqas "
1587044857384:lg
1587045777288:ag -n Scifi
1587047018575:lg
1587047029295:ag -n "scifi"
1587047031358:lg
1587047038790:ag -n "Drama"
1587047041180:lg
1587047334093:l
1587047350789:a -t "hex" -g "Drama" -a "Alex"
1587047361685:stacktrace
1587047454665:a -t "Tom S" -g "Drama" -a "Alex Kols"
1587047456576:l
1587047461695:lg
1587047673154:a -t "Tom S" -g "Drama" -a "Alex Kols"
1587047674587:la
1587047677995:lg
1587047679050:l
1587048565472:help
1587048569748:help u
1587048574611:l
1587048599080:u -id 1 -t "Thomas Soyer" -g "SciFi" -a "Alex KOls"
1587048634770:stacktrace
1587048870660:Update/delete queries cannot be typed
1587048927088:u -id 1 -t "Thomas Soyer" -g "SciFi" -a "Alex KOls"
1587048929100:l
1587048936310:la
1587048939933:lg
1587048955224:u -id 1 -t "Thomas Soyer" -g "Drama" -a "Alex KOls"
1587048956788:lg
1587048960268:l
1587128777023:stacktrace
1587132297173:l
1587132756880:lb
1587132759085:l
1587132788047:stacktrace
1587132848766:l
1587133051599:lc -id 1
1587133064189:stacktrace
1587133136205:lc -id 1
1587133146293:stacktrace
1587133241225:lc
1587133243490:lc -id 1
1587133713138:stacktrace
1587134042623:lc -id 1
1587134316227:stacktrace
1587134436496:lc -id 1
1587134498070:lc -1
1587134503628:lc -id
1587134507645:lc -id 1
1587221628844:lc 1
1587221635623:lc -id 1
1587222257554:stacktrace
1587222366218:lc -id 1
1587222864833:help
1587222875834:ac -id 1 "New Comment"
1587222880913:lc -id 1
1587234836571:l
1587234842385:help u
1587234870382:u -id 1 -t "Thomas Soyer" -a "Alez dsf" -g "Drama"
1587234872743:l
1587235081492:lc -id 1
1587235085386:help
1587235119284:hrlp
1587235121202:help
1587318139076:l
1587318436684:;
1587318437846:l
1587318514539:help
