1586521794534:help
1586521796093:l
1586522095337:d 1
1586522153690:a
1586522256585:l
1586522259695:a
1586530425058:l
1586530439554:a -t QQQ -a WWW -g TTT
1586530446080:stacktrace
1586530612206:a -t qqq -g www -a yyy
1586544639587:a -t qqq -g 222 -a erre
1586544647633:stacktrace
1586545006860:a -t dsfsd -g erwer -a sdfsdfs
1586545011932:stacktrace
1586545107575:a -t adsad -g erwe -a sdfgsfg
1586545117836:stacktrace
1586545222092:a -t adsa -g asdasd -a qeweqwe
1586545232489:stack
1586545237010:stacktrace
1586545253308:a -t dsfds -a sdfsd -g 1231
1586545258267:stacktrace
1586545546534:a -t sdfsd -g dsfsdf -a sfgdgds
1586545570358:a -t erwe -g 234234 -a werqwer
1586545573370:stacktrace
1586588854323:a -t asda -g werwe -a sdfdsf
1586588876155:stacktrace
1586588907674:a -t dsfds -a sddffs -g ewrw
1586588972557:a -t sdfds -a dfgdf -g erwer
1586588984674:stacktreace
1586588988645:stacktrace
1586588997534:a -t sfsdsd -a dfgdf -g asda
1586589000836:stacktrace
1586589034120:a -t dsfdsf -a gdfgdf -g adasda
1586785492936:a -t ываы -a вапавп - фывфывф
1586785512451:a -t выавы -a ываыва -g sdfsdf
1586785515872:l
1586785927861:a -t выавы -a ывавыа -g werwe
1586785929678:l
1586786741757:u -id 1 -t Han Solo -g Cosmo -a Lucas
1586786754186:stacktrace
1586786797130:l
1586786812618:u -id 1 -t "Han Solo" -g Cosmo -a Lucas
1586786814120:l
